mode: set
github.com/homecraft/operator/cmd/main.go:23.13,26.2 2 0
github.com/homecraft/operator/cmd/main.go:28.13,53.16 12 0
github.com/homecraft/operator/cmd/main.go:53.16,56.3 2 0
github.com/homecraft/operator/cmd/main.go:58.2,62.39 1 0
github.com/homecraft/operator/cmd/main.go:62.39,65.3 2 0
github.com/homecraft/operator/cmd/main.go:67.2,67.69 1 0
github.com/homecraft/operator/cmd/main.go:67.69,70.3 2 0
github.com/homecraft/operator/cmd/main.go:71.2,71.67 1 0
github.com/homecraft/operator/cmd/main.go:71.67,74.3 2 0
github.com/homecraft/operator/cmd/main.go:76.2,77.61 2 0
github.com/homecraft/operator/cmd/main.go:77.61,80.3 2 0
github.com/homecraft/operator/controllers/minecraftserver_controller.go:42.107,48.16 4 1
github.com/homecraft/operator/controllers/minecraftserver_controller.go:48.16,49.29 1 1
github.com/homecraft/operator/controllers/minecraftserver_controller.go:49.29,52.4 2 1
github.com/homecraft/operator/controllers/minecraftserver_controller.go:53.3,54.28 2 0
github.com/homecraft/operator/controllers/minecraftserver_controller.go:58.2,58.60 1 1
github.com/homecraft/operator/controllers/minecraftserver_controller.go:58.60,59.71 1 0
github.com/homecraft/operator/controllers/minecraftserver_controller.go:59.71,65.18 4 0
github.com/homecraft/operator/controllers/minecraftserver_controller.go:65.18,67.5 1 0
github.com/homecraft/operator/controllers/minecraftserver_controller.go:69.3,69.28 1 0
github.com/homecraft/operator/controllers/minecraftserver_controller.go:73.2,73.71 1 1
github.com/homecraft/operator/controllers/minecraftserver_controller.go:73.71,76.17 3 1
github.com/homecraft/operator/controllers/minecraftserver_controller.go:76.17,78.4 1 0
github.com/homecraft/operator/controllers/minecraftserver_controller.go:82.2,83.79 2 1
github.com/homecraft/operator/controllers/minecraftserver_controller.go:83.79,85.3 1 0
github.com/homecraft/operator/controllers/minecraftserver_controller.go:88.2,89.76 2 1
github.com/homecraft/operator/controllers/minecraftserver_controller.go:89.76,91.3 1 0
github.com/homecraft/operator/controllers/minecraftserver_controller.go:94.2,95.84 2 1
github.com/homecraft/operator/controllers/minecraftserver_controller.go:95.84,97.3 1 0
github.com/homecraft/operator/controllers/minecraftserver_controller.go:100.2,101.85 2 1
github.com/homecraft/operator/controllers/minecraftserver_controller.go:101.85,103.3 1 0
github.com/homecraft/operator/controllers/minecraftserver_controller.go:106.2,107.80 2 1
github.com/homecraft/operator/controllers/minecraftserver_controller.go:107.80,109.3 1 0
github.com/homecraft/operator/controllers/minecraftserver_controller.go:112.2,112.97 1 1
github.com/homecraft/operator/controllers/minecraftserver_controller.go:112.97,114.3 1 0
github.com/homecraft/operator/controllers/minecraftserver_controller.go:116.2,116.57 1 1
github.com/homecraft/operator/controllers/minecraftserver_controller.go:119.148,121.84 1 1
github.com/homecraft/operator/controllers/minecraftserver_controller.go:121.84,123.3 1 0
github.com/homecraft/operator/controllers/minecraftserver_controller.go:126.2,134.42 4 1
github.com/homecraft/operator/controllers/minecraftserver_controller.go:134.42,138.3 2 1
github.com/homecraft/operator/controllers/minecraftserver_controller.go:138.8,138.23 1 0
github.com/homecraft/operator/controllers/minecraftserver_controller.go:138.23,140.3 1 0
github.com/homecraft/operator/controllers/minecraftserver_controller.go:143.2,144.12 2 0
github.com/homecraft/operator/controllers/minecraftserver_controller.go:147.115,158.2 1 1
github.com/homecraft/operator/controllers/minecraftserver_controller.go:160.127,179.2 2 1
github.com/homecraft/operator/controllers/minecraftserver_controller.go:181.125,187.19 4 1
github.com/homecraft/operator/controllers/minecraftserver_controller.go:187.19,189.3 1 1
github.com/homecraft/operator/controllers/minecraftserver_controller.go:190.2,191.22 2 1
github.com/homecraft/operator/controllers/minecraftserver_controller.go:191.22,193.3 1 1
github.com/homecraft/operator/controllers/minecraftserver_controller.go:195.2,211.27 3 1
github.com/homecraft/operator/controllers/minecraftserver_controller.go:211.27,216.3 1 1
github.com/homecraft/operator/controllers/minecraftserver_controller.go:217.2,217.29 1 1
github.com/homecraft/operator/controllers/minecraftserver_controller.go:217.29,222.3 1 1
github.com/homecraft/operator/controllers/minecraftserver_controller.go:223.2,223.27 1 1
github.com/homecraft/operator/controllers/minecraftserver_controller.go:223.27,228.3 1 1
github.com/homecraft/operator/controllers/minecraftserver_controller.go:231.2,309.3 2 1
github.com/homecraft/operator/controllers/minecraftserver_controller.go:312.111,337.2 2 1
github.com/homecraft/operator/controllers/minecraftserver_controller.go:339.106,364.2 2 1
github.com/homecraft/operator/controllers/minecraftserver_controller.go:367.88,372.16 3 1
github.com/homecraft/operator/controllers/minecraftserver_controller.go:372.16,374.3 1 0
github.com/homecraft/operator/controllers/minecraftserver_controller.go:377.2,379.16 3 1
github.com/homecraft/operator/controllers/minecraftserver_controller.go:379.16,381.3 1 0
github.com/homecraft/operator/controllers/minecraftserver_controller.go:383.2,385.16 3 1
github.com/homecraft/operator/controllers/minecraftserver_controller.go:385.16,387.3 1 0
github.com/homecraft/operator/controllers/minecraftserver_controller.go:390.2,393.40 3 1
github.com/homecraft/operator/controllers/minecraftserver_controller.go:393.40,396.3 2 1
github.com/homecraft/operator/controllers/minecraftserver_controller.go:396.8,396.42 1 1
github.com/homecraft/operator/controllers/minecraftserver_controller.go:396.42,399.3 2 0
github.com/homecraft/operator/controllers/minecraftserver_controller.go:402.2,405.93 3 1
github.com/homecraft/operator/controllers/minecraftserver_controller.go:405.93,407.3 1 1
github.com/homecraft/operator/controllers/minecraftserver_controller.go:409.2,409.83 1 1
github.com/homecraft/operator/controllers/minecraftserver_controller.go:409.83,411.3 1 1
github.com/homecraft/operator/controllers/minecraftserver_controller.go:414.2,423.34 9 1
github.com/homecraft/operator/controllers/minecraftserver_controller.go:427.78,434.2 1 0
